10:14:57.393 [TestNG-tests-1] INFO  TestCase.Tc_1TravelInsuranceRunner -                                  
22:06:10.159 [main] INFO  TestCase.Tc_1TravelInsuranceRunner - ******Starting Homepage*******
22:06:11.201 [main] INFO  TestCase.Tc_1TravelInsuranceRunner - ******Starting Travel Insurance Page*******
22:06:21.305 [main] INFO  TestCase.Tc_1TravelInsuranceRunner - ****** Travel Insurance validation failed*******
22:06:21.305 [main] INFO  TestCase.Tc_1TravelInsuranceRunner -          ===========================             
22:06:21.305 [main] INFO  TestCase.Tc_1TravelInsuranceRunner -                                  
22:07:46.013 [main] INFO  TestCase.Tc_2CarInsuranceRunner - ******Starting Homepage*******
22:07:47.091 [main] INFO  TestCase.Tc_2CarInsuranceRunner - ******Starting Car Insurance Page*******
22:08:02.192 [main] INFO  TestCase.Tc_2CarInsuranceRunner - ****** Car Insurance validation failed*******
22:08:02.192 [main] INFO  TestCase.Tc_2CarInsuranceRunner -          ===========================             
22:08:02.192 [main] INFO  TestCase.Tc_2CarInsuranceRunner -                                  
22:09:34.636 [main] INFO  TestCase.Tc_3HealthInsuranceRunner - ******Starting Homepage*******
22:09:37.110 [main] DEBUG org.apache.poi.openxml4j.opc.PackageRelationshipCollection - Parsing relationship: /xl/_rels/workbook.xml.rels
22:09:37.121 [main] DEBUG org.apache.poi.openxml4j.opc.PackageRelationshipCollection - Parsing relationship: /xl/worksheets/_rels/sheet1.xml.rels
22:09:37.124 [main] DEBUG org.apache.poi.openxml4j.opc.PackageRelationshipCollection - Parsing relationship: /_rels/.rels
22:09:39.701 [main] DEBUG org.apache.poi.openxml4j.opc.ZipPackage - Save content types part
22:09:39.964 [main] DEBUG org.apache.poi.openxml4j.opc.ZipPackage - Save package relationships
22:09:39.977 [main] DEBUG org.apache.poi.openxml4j.opc.ZipPackage - Save part 'docProps/app.xml'
22:09:39.978 [main] DEBUG org.apache.poi.openxml4j.opc.ZipPackage - Save part 'docProps/core.xml'
22:09:39.988 [main] DEBUG org.apache.poi.openxml4j.opc.ZipPackage - Save part 'xl/sharedStrings.xml'
22:09:39.989 [main] DEBUG org.apache.poi.openxml4j.opc.ZipPackage - Save part 'xl/styles.xml'
22:09:39.990 [main] DEBUG org.apache.poi.openxml4j.opc.ZipPackage - Save part 'xl/theme/theme1.xml'
22:09:39.992 [main] DEBUG org.apache.poi.openxml4j.opc.ZipPackage - Save part 'xl/workbook.xml'
22:09:39.998 [main] DEBUG org.apache.poi.openxml4j.opc.ZipPackage - Save part 'xl/worksheets/sheet1.xml'
22:09:40.103 [main] DEBUG org.apache.poi.openxml4j.opc.ZipPackage - Save content types part
22:09:40.108 [main] DEBUG org.apache.poi.openxml4j.opc.ZipPackage - Save package relationships
22:09:40.112 [main] DEBUG org.apache.poi.openxml4j.opc.ZipPackage - Save part 'docProps/app.xml'
22:09:40.113 [main] DEBUG org.apache.poi.openxml4j.opc.ZipPackage - Save part 'docProps/core.xml'
22:09:40.132 [main] DEBUG org.apache.poi.openxml4j.opc.ZipPackage - Save part 'xl/sharedStrings.xml'
22:09:40.133 [main] DEBUG org.apache.poi.openxml4j.opc.ZipPackage - Save part 'xl/styles.xml'
22:09:40.134 [main] DEBUG org.apache.poi.openxml4j.opc.ZipPackage - Save part 'xl/theme/theme1.xml'
22:09:40.136 [main] DEBUG org.apache.poi.openxml4j.opc.ZipPackage - Save part 'xl/workbook.xml'
22:09:40.145 [main] DEBUG org.apache.poi.openxml4j.opc.ZipPackage - Save part 'xl/worksheets/sheet1.xml'
22:09:40.149 [main] DEBUG org.apache.poi.openxml4j.opc.ZipPackage - Save part 'xl/worksheets/sheet2.xml'
22:09:40.184 [main] DEBUG org.apache.poi.openxml4j.opc.PackageRelationshipCollection - Parsing relationship: /xl/_rels/workbook.xml.rels
22:09:40.189 [main] DEBUG org.apache.poi.openxml4j.opc.PackageRelationshipCollection - Parsing relationship: /xl/worksheets/_rels/sheet1.xml.rels
22:09:40.191 [main] DEBUG org.apache.poi.openxml4j.opc.PackageRelationshipCollection - Parsing relationship: /_rels/.rels
22:09:40.918 [main] DEBUG org.apache.poi.openxml4j.opc.ZipPackage - Save content types part
22:09:40.923 [main] DEBUG org.apache.poi.openxml4j.opc.ZipPackage - Save package relationships
22:09:40.928 [main] DEBUG org.apache.poi.openxml4j.opc.ZipPackage - Save part 'docProps/app.xml'
22:09:40.930 [main] DEBUG org.apache.poi.openxml4j.opc.ZipPackage - Save part 'docProps/core.xml'
22:09:40.934 [main] DEBUG org.apache.poi.openxml4j.opc.ZipPackage - Save part 'xl/sharedStrings.xml'
22:09:40.936 [main] DEBUG org.apache.poi.openxml4j.opc.ZipPackage - Save part 'xl/styles.xml'
22:09:40.938 [main] DEBUG org.apache.poi.openxml4j.opc.ZipPackage - Save part 'xl/theme/theme1.xml'
22:09:40.940 [main] DEBUG org.apache.poi.openxml4j.opc.ZipPackage - Save part 'xl/workbook.xml'
22:09:40.947 [main] DEBUG org.apache.poi.openxml4j.opc.ZipPackage - Save part 'xl/worksheets/sheet1.xml'
22:09:40.953 [main] DEBUG org.apache.poi.openxml4j.opc.ZipPackage - Save part 'xl/worksheets/sheet2.xml'
22:09:40.958 [main] INFO  TestCase.Tc_3HealthInsuranceRunner - ******Health Insurance validation Completed*******
