17:13:53.649 [main] INFO  TestCase.Tc_1TravelInsuranceRunner - ****** Travel Insurance validation Completed*******
17:13:53.665 [main] INFO  TestCase.Tc_1TravelInsuranceRunner -          ===========================             
17:13:53.665 [main] INFO  TestCase.Tc_1TravelInsuranceRunner -                                  
17:14:16.922 [main] INFO  TestCase.Tc_2CarInsuranceRunner - ******Starting Homepage*******
17:14:17.442 [main] INFO  TestCase.Tc_2CarInsuranceRunner - ******Starting Car Insurance Page*******
17:14:28.533 [main] INFO  TestCase.Tc_2CarInsuranceRunner -               
17:14:28.533 [main] INFO  TestCase.Tc_2CarInsuranceRunner - Screenshot Taken for Travel Insurance.......
17:14:28.588 [main] INFO  TestCase.Tc_2CarInsuranceRunner - ****** Car Insurance validation Completed*******
17:14:28.588 [main] INFO  TestCase.Tc_2CarInsuranceRunner -          ===========================             
17:14:28.588 [main] INFO  TestCase.Tc_2CarInsuranceRunner -                                  
17:14:51.366 [main] INFO  TestCase.Tc_3HealthInsuranceRunner - ******Starting Homepage*******
17:14:53.130 [main] DEBUG org.apache.poi.openxml4j.opc.PackageRelationshipCollection - Parsing relationship: /xl/_rels/workbook.xml.rels
17:14:53.135 [main] DEBUG org.apache.poi.openxml4j.opc.PackageRelationshipCollection - Parsing relationship: /xl/worksheets/_rels/sheet1.xml.rels
17:14:53.137 [main] DEBUG org.apache.poi.openxml4j.opc.PackageRelationshipCollection - Parsing relationship: /_rels/.rels
17:14:54.353 [main] DEBUG org.apache.poi.openxml4j.opc.ZipPackage - Save content types part
17:14:54.502 [main] DEBUG org.apache.poi.openxml4j.opc.ZipPackage - Save package relationships
17:14:54.512 [main] DEBUG org.apache.poi.openxml4j.opc.ZipPackage - Save part 'docProps/app.xml'
17:14:54.513 [main] DEBUG org.apache.poi.openxml4j.opc.ZipPackage - Save part 'docProps/core.xml'
17:14:54.519 [main] DEBUG org.apache.poi.openxml4j.opc.ZipPackage - Save part 'xl/sharedStrings.xml'
17:14:54.520 [main] DEBUG org.apache.poi.openxml4j.opc.ZipPackage - Save part 'xl/styles.xml'
17:14:54.521 [main] DEBUG org.apache.poi.openxml4j.opc.ZipPackage - Save part 'xl/theme/theme1.xml'
17:14:54.522 [main] DEBUG org.apache.poi.openxml4j.opc.ZipPackage - Save part 'xl/workbook.xml'
17:14:54.526 [main] DEBUG org.apache.poi.openxml4j.opc.ZipPackage - Save part 'xl/worksheets/sheet1.xml'
17:14:54.617 [main] DEBUG org.apache.poi.openxml4j.opc.ZipPackage - Save content types part
17:14:54.620 [main] DEBUG org.apache.poi.openxml4j.opc.ZipPackage - Save package relationships
17:14:54.624 [main] DEBUG org.apache.poi.openxml4j.opc.ZipPackage - Save part 'docProps/app.xml'
17:14:54.625 [main] DEBUG org.apache.poi.openxml4j.opc.ZipPackage - Save part 'docProps/core.xml'
17:14:54.629 [main] DEBUG org.apache.poi.openxml4j.opc.ZipPackage - Save part 'xl/sharedStrings.xml'
17:14:54.630 [main] DEBUG org.apache.poi.openxml4j.opc.ZipPackage - Save part 'xl/styles.xml'
17:14:54.631 [main] DEBUG org.apache.poi.openxml4j.opc.ZipPackage - Save part 'xl/theme/theme1.xml'
17:14:54.632 [main] DEBUG org.apache.poi.openxml4j.opc.ZipPackage - Save part 'xl/workbook.xml'
17:14:54.636 [main] DEBUG org.apache.poi.openxml4j.opc.ZipPackage - Save part 'xl/worksheets/sheet1.xml'
17:14:54.640 [main] DEBUG org.apache.poi.openxml4j.opc.ZipPackage - Save part 'xl/worksheets/sheet2.xml'
17:14:54.661 [main] DEBUG org.apache.poi.openxml4j.opc.PackageRelationshipCollection - Parsing relationship: /xl/_rels/workbook.xml.rels
17:14:54.663 [main] DEBUG org.apache.poi.openxml4j.opc.PackageRelationshipCollection - Parsing relationship: /xl/worksheets/_rels/sheet1.xml.rels
17:14:54.665 [main] DEBUG org.apache.poi.openxml4j.opc.PackageRelationshipCollection - Parsing relationship: /_rels/.rels
17:14:55.040 [main] DEBUG org.apache.poi.openxml4j.opc.ZipPackage - Save content types part
17:14:55.043 [main] DEBUG org.apache.poi.openxml4j.opc.ZipPackage - Save package relationships
17:14:55.046 [main] DEBUG org.apache.poi.openxml4j.opc.ZipPackage - Save part 'docProps/app.xml'
17:14:55.046 [main] DEBUG org.apache.poi.openxml4j.opc.ZipPackage - Save part 'docProps/core.xml'
17:14:55.050 [main] DEBUG org.apache.poi.openxml4j.opc.ZipPackage - Save part 'xl/sharedStrings.xml'
17:14:55.050 [main] DEBUG org.apache.poi.openxml4j.opc.ZipPackage - Save part 'xl/styles.xml'
17:14:55.051 [main] DEBUG org.apache.poi.openxml4j.opc.ZipPackage - Save part 'xl/theme/theme1.xml'
17:14:55.053 [main] DEBUG org.apache.poi.openxml4j.opc.ZipPackage - Save part 'xl/workbook.xml'
17:14:55.058 [main] DEBUG org.apache.poi.openxml4j.opc.ZipPackage - Save part 'xl/worksheets/sheet1.xml'
17:14:55.061 [main] DEBUG org.apache.poi.openxml4j.opc.ZipPackage - Save part 'xl/worksheets/sheet2.xml'
17:14:55.398 [main] INFO  TestCase.Tc_3HealthInsuranceRunner - ******Health Insurance validation Completed*******
17:14:55.398 [main] INFO  TestCase.Tc_3HealthInsuranceRunner -          ===========================             
